<?xml version="1.0" encoding="UTF-8"?>
<testsuite name="com.jazara.icu.config.ApplicationTests" time="5.223" tests="2" errors="0" skipped="0" failures="1">
  <properties>
[...]
</properties>
  <testcase name="configurationAvailable" classname="com.jazara.icu.config.ApplicationTests" time="5.082"/>
  <testcase name="envPostAvailable" classname="com.jazara.icu.config.ApplicationTests" time="0.141">
    <failure message="expected:&lt;200&gt; but was:&lt;405&gt;" type="java.lang.AssertionError"><![CDATA[java.lang.AssertionError: expected:<200> but was:<405>
	at org.junit.Assert.fail(Assert.java:88)
	at org.junit.Assert.failNotEquals(Assert.java:834)
	at org.junit.Assert.assertEquals(Assert.java:118)
	at org.junit.Assert.assertEquals(Assert.java:144)
	at com.jazara.icu.config.ApplicationTests.envPostAvailable(ApplicationTests.java:49)
]]></failure>
    <system-out><![CDATA[2022-05-26 00:44:03.095  WARN 51208 --- [o-auto-1-exec-2] o.s.web.servlet.PageNotFound             : Request method 'POST' not supported
]]></system-out>
  </testcase>
</testsuite>